<?xml version="1.0" encoding="UTF-8"?>
<!-- Generated by org.testng.reporters.JUnitReportReporter -->
<testsuite skipped="0" hostname="Infva06559" name="Day10.CsvRead" tests="1" failures="0" timestamp="15 Mar 2019 09:34:57 GMT" time="0.082" errors="0">
  <testcase name="f" time="0.082" classname="Day10.CsvRead"/>
</testsuite> <!-- Day10.CsvRead -->
