<?xml version="1.0" encoding="UTF-8"?>
<!-- Generated by org.testng.reporters.JUnitReportReporter -->
<testsuite skipped="0" hostname="Infva06559" name="Day10.Ref" tests="1" failures="0" timestamp="15 Mar 2019 12:00:15 GMT" time="0.110" errors="0">
  <testcase name="f" time="0.110" classname="Day10.Ref"/>
</testsuite> <!-- Day10.Ref -->
