<?xml version="1.0" encoding="UTF-8"?>
<!-- Generated by org.testng.reporters.JUnitReportReporter -->
<testsuite skipped="0" hostname="Infva06559" name="Day10.FirstScript" tests="1" failures="0" timestamp="15 Mar 2019 08:50:19 GMT" time="3.191" errors="0">
  <testcase name="f" time="3.191" classname="Day10.FirstScript"/>
</testsuite> <!-- Day10.FirstScript -->
